<?xml version="1.0" encoding="UTF-8"?>
<!-- Generated by org.testng.reporters.JUnitXMLReporter -->
<testsuite ignored="0" hostname="IN-PG02NMY9" failures="1" tests="1" name="Test" time="5.367" errors="0" timestamp="2023-09-29T12:05:35 IST">
  <testcase classname="jenkinsMavenIntegration.SampleTestCase" name="lauchBrowser" time="5.287">
    <failure type="java.lang.AssertionError" message="Title match expected [true] but found [false]">
      <![CDATA[java.lang.AssertionError: Title match expected [true] but found [false]
at jenkinsMavenIntegration.SampleTestCase.lauchBrowser(SampleTestCase.java:23)
at java.base/java.util.ArrayList.forEach(ArrayList.java:1511)
... Removed 30 stack frames]]>
    </failure>
  </testcase> <!-- lauchBrowser -->
</testsuite> <!-- Test -->
